<?xml version="1.0" encoding="UTF-8"?>
<testng-results ignored="0" total="2" passed="2" failed="0" skipped="0">
  <reporter-output>
  </reporter-output>
  <suite started-at="2024-09-11T15:56:32 IST" name="Suite" finished-at="2024-09-11T15:57:09 IST" duration-ms="36393">
    <groups>
    </groups>
    <test started-at="2024-09-11T15:56:32 IST" name="Test" finished-at="2024-09-11T15:57:09 IST" duration-ms="36393">
      <class name="GermanyIsCalling.SuccessfulLoginTest">
        <test-method signature="login()[pri:0, instance:GermanyIsCalling.SuccessfulLoginTest@3d5c822d]" started-at="2024-09-11T15:56:33 IST" name="login" finished-at="2024-09-11T15:56:59 IST" duration-ms="26003" status="PASS">
          <reporter-output>
          </reporter-output>
        </test-method> <!-- login -->
      </class> <!-- GermanyIsCalling.SuccessfulLoginTest -->
      <class name="GermanyIsCalling.UnsuccessfulLoginTest">
        <test-method signature="login()[pri:0, instance:GermanyIsCalling.UnsuccessfulLoginTest@16610890]" started-at="2024-09-11T15:56:59 IST" name="login" finished-at="2024-09-11T15:57:09 IST" duration-ms="10241" status="PASS">
          <reporter-output>
          </reporter-output>
        </test-method> <!-- login -->
      </class> <!-- GermanyIsCalling.UnsuccessfulLoginTest -->
    </test> <!-- Test -->
  </suite> <!-- Suite -->
</testng-results>
